2025-03-07 15:48:20.095 [info] Extension host with pid 616 started
2025-03-07 15:48:20.095 [error] Error: EEXIST: file already exists, open '/home/admin/.vscode-server/data/User/workspaceStorage/9d0739de19f266d8f657cc3986e47261/vscode.lock'
2025-03-07 15:48:20.102 [info] Lock '/home/admin/.vscode-server/data/User/workspaceStorage/9d0739de19f266d8f657cc3986e47261/vscode.lock': Could not acquire lock, checking if the file is stale.
2025-03-07 15:48:20.121 [info] Lock '/home/admin/.vscode-server/data/User/workspaceStorage/9d0739de19f266d8f657cc3986e47261/vscode.lock': The pid 1428 appears to be gone.
2025-03-07 15:48:20.121 [info] Lock '/home/admin/.vscode-server/data/User/workspaceStorage/9d0739de19f266d8f657cc3986e47261/vscode.lock': Deleting a stale lock.
2025-03-07 15:48:20.128 [info] Lock '/home/admin/.vscode-server/data/User/workspaceStorage/9d0739de19f266d8f657cc3986e47261/vscode.lock': Lock acquired.
2025-03-07 15:48:21.533 [info] ExtensionService#_doActivateExtension vscode.git-base, startup: false, activationEvent: '*', root cause: vscode.git
2025-03-07 15:48:21.534 [info] ExtensionService#_doActivateExtension vscode.emmet, startup: false, activationEvent: 'onLanguage'
2025-03-07 15:48:21.535 [info] ExtensionService#_doActivateExtension ms-python.python, startup: false, activationEvent: 'onLanguage:python', root cause: ms-python.debugpy
2025-03-07 15:48:22.232 [info] ExtensionService#_doActivateExtension vscode.configuration-editing, startup: false, activationEvent: 'onLanguage:jsonc'
2025-03-07 15:48:22.234 [info] ExtensionService#_doActivateExtension vscode.json-language-features, startup: false, activationEvent: 'onLanguage:jsonc'
2025-03-07 15:48:22.237 [info] ExtensionService#_doActivateExtension vscode.typescript-language-features, startup: false, activationEvent: 'onLanguage:jsonc'
2025-03-07 15:48:22.804 [info] ExtensionService#_doActivateExtension vscode.git, startup: false, activationEvent: '*'
2025-03-07 15:48:22.804 [info] ExtensionService#_doActivateExtension vscode.github, startup: false, activationEvent: '*'
2025-03-07 15:48:23.831 [info] Eager extensions activated
2025-03-07 15:48:23.831 [info] ExtensionService#_doActivateExtension vscode.debug-auto-launch, startup: false, activationEvent: 'onStartupFinished'
2025-03-07 15:48:23.833 [info] ExtensionService#_doActivateExtension vscode.merge-conflict, startup: false, activationEvent: 'onStartupFinished'
2025-03-07 15:48:24.060 [info] ExtensionService#_doActivateExtension ms-python.debugpy, startup: false, activationEvent: 'onLanguage:python'
2025-03-07 15:48:24.061 [info] ExtensionService#_doActivateExtension ms-python.vscode-pylance, startup: false, activationEvent: 'onLanguage:python'
2025-03-07 15:48:25.131 [info] ExtensionService#_doActivateExtension vscode.html-language-features, startup: false, activationEvent: 'onLanguage:html'
