2025-03-07 06:16:57.006 [info] (Client) Pylance async client (2025.3.1) started with python extension (2025.2.0)
2025-03-07 06:16:57.335 [info] [Info  - 6:16:57 AM] (798) Server root directory: file:///home/admin/.vscode-server/extensions/ms-python.vscode-pylance-2025.3.1/dist
2025-03-07 06:16:57.336 [info] [Info  - 6:16:57 AM] (798) Pylance language server 2025.3.1 (pyright version 1.1.396, commit 3e2236a7) starting
2025-03-07 06:16:57.336 [info] [Info  - 6:16:57 AM] (798) Starting service instance "admin"
2025-03-07 06:16:57.444 [info] [Info  - 6:16:57 AM] (798) Setting environmentName for service "admin": "3.11.2 (global)"
2025-03-07 06:16:57.445 [info] [Info  - 6:16:57 AM] (798) Setting pythonPath for service "admin": "/bin/python3"
2025-03-07 06:16:57.446 [info] [Info  - 6:16:57 AM] (798) No include entries specified; assuming /home/admin
2025-03-07 06:16:57.448 [info] [Info  - 6:16:57 AM] (798) Auto-excluding **/node_modules
2025-03-07 06:16:57.448 [info] [Info  - 6:16:57 AM] (798) Auto-excluding **/__pycache__
2025-03-07 06:16:57.449 [info] [Info  - 6:16:57 AM] (798) Auto-excluding **/.*
2025-03-07 06:16:57.565 [info] [Info  - 6:16:57 AM] (798) Assuming Python version 3.11.2.final.0
2025-03-07 06:16:57.814 [info] [Info  - 6:16:57 AM] (798) Auto-excluding /home/admin/entornos/proyecto
2025-03-07 06:16:57.837 [info] [Info  - 6:16:57 AM] (798) Found 22 source files
2025-03-07 06:17:01.683 [info] [Info  - 6:17:01 AM] (798) Background analysis(1) root directory: file:///home/admin/.vscode-server/extensions/ms-python.vscode-pylance-2025.3.1/dist
2025-03-07 06:17:01.705 [info] [Info  - 6:17:01 AM] (798) Background analysis(1) started
2025-03-07 06:17:02.262 [info] [Info  - 6:17:02 AM] (798) Indexer background runner(2) root directory: file:///home/admin/.vscode-server/extensions/ms-python.vscode-pylance-2025.3.1/dist (index)
2025-03-07 06:17:02.268 [info] [Info  - 6:17:02 AM] (798) Indexing(2) started
2025-03-07 06:17:08.172 [info] [Info  - 6:17:08 AM] (798) [BG(1)] Long operation: checking: file:///home/admin/Which_Journal/Which_Journal/settings.py (3082ms)
2025-03-07 06:17:08.181 [info] [Info  - 6:17:08 AM] (798) [BG(1)] Long operation: analyzing: file:///home/admin/Which_Journal/Which_Journal/settings.py (5643ms)
2025-03-07 06:17:08.692 [info] [Info  - 6:17:08 AM] (798) [IDX(2)] Long operation: scan packages file:///home/admin (5621ms)
2025-03-07 06:17:08.693 [info] [Info  - 6:17:08 AM] (798) scanned(2) 58 files over 1 exec env
2025-03-07 06:17:10.152 [info] [Info  - 6:17:10 AM] (798) indexed(2) 58 files over 1 exec env
2025-03-07 06:17:10.347 [info] [Info  - 6:17:10 AM] (798) Indexing finished(2).
