2025-03-07 06:42:31.192 [info] Extension host with pid 666 started
2025-03-07 06:42:31.192 [error] Error: EEXIST: file already exists, open '/home/admin/.vscode-server/data/User/workspaceStorage/9d0739de19f266d8f657cc3986e47261/vscode.lock'
2025-03-07 06:42:31.206 [info] Lock '/home/admin/.vscode-server/data/User/workspaceStorage/9d0739de19f266d8f657cc3986e47261/vscode.lock': Could not acquire lock, checking if the file is stale.
2025-03-07 06:42:31.232 [info] Lock '/home/admin/.vscode-server/data/User/workspaceStorage/9d0739de19f266d8f657cc3986e47261/vscode.lock': The pid 612 appears to be gone.
2025-03-07 06:42:31.232 [info] Lock '/home/admin/.vscode-server/data/User/workspaceStorage/9d0739de19f266d8f657cc3986e47261/vscode.lock': Deleting a stale lock.
2025-03-07 06:42:31.238 [info] Lock '/home/admin/.vscode-server/data/User/workspaceStorage/9d0739de19f266d8f657cc3986e47261/vscode.lock': Lock acquired.
2025-03-07 06:42:31.667 [info] ExtensionService#_doActivateExtension vscode.git-base, startup: false, activationEvent: '*', root cause: vscode.git
2025-03-07 06:42:31.669 [info] ExtensionService#_doActivateExtension vscode.emmet, startup: false, activationEvent: 'onLanguage'
2025-03-07 06:42:31.669 [info] ExtensionService#_doActivateExtension ms-python.python, startup: false, activationEvent: 'onLanguage:python', root cause: ms-python.debugpy
2025-03-07 06:42:33.397 [info] ExtensionService#_doActivateExtension vscode.git, startup: false, activationEvent: '*'
2025-03-07 06:42:33.397 [info] ExtensionService#_doActivateExtension vscode.github, startup: false, activationEvent: '*'
2025-03-07 06:42:34.434 [info] Eager extensions activated
2025-03-07 06:42:34.434 [info] ExtensionService#_doActivateExtension vscode.debug-auto-launch, startup: false, activationEvent: 'onStartupFinished'
2025-03-07 06:42:34.435 [info] ExtensionService#_doActivateExtension vscode.merge-conflict, startup: false, activationEvent: 'onStartupFinished'
2025-03-07 06:42:34.596 [info] ExtensionService#_doActivateExtension ms-python.debugpy, startup: false, activationEvent: 'onLanguage:python'
2025-03-07 06:42:34.596 [info] ExtensionService#_doActivateExtension ms-python.vscode-pylance, startup: false, activationEvent: 'onLanguage:python'
2025-03-07 06:44:38.388 [info] ExtensionService#_doActivateExtension vscode.npm, startup: false, activationEvent: 'onTerminalQuickFixRequest:ms-vscode.npm-command'
2025-03-07 06:44:48.671 [info] ExtensionService#_doActivateExtension vscode.configuration-editing, startup: false, activationEvent: 'onLanguage:json'
2025-03-07 06:44:48.671 [info] ExtensionService#_doActivateExtension vscode.extension-editing, startup: false, activationEvent: 'onLanguage:json'
2025-03-07 06:44:48.672 [info] ExtensionService#_doActivateExtension vscode.json-language-features, startup: false, activationEvent: 'onLanguage:json'
