2025-03-08 04:14:34.290 [info] Extension host with pid 1235 started
2025-03-08 04:14:34.290 [error] Error: EEXIST: file already exists, open '/home/admin/.vscode-server/data/User/workspaceStorage/9d0739de19f266d8f657cc3986e47261/vscode.lock'
2025-03-08 04:14:34.300 [info] Lock '/home/admin/.vscode-server/data/User/workspaceStorage/9d0739de19f266d8f657cc3986e47261/vscode.lock': Could not acquire lock, checking if the file is stale.
2025-03-08 04:14:34.325 [info] Lock '/home/admin/.vscode-server/data/User/workspaceStorage/9d0739de19f266d8f657cc3986e47261/vscode.lock': The pid 616 appears to be gone.
2025-03-08 04:14:34.325 [info] Lock '/home/admin/.vscode-server/data/User/workspaceStorage/9d0739de19f266d8f657cc3986e47261/vscode.lock': Deleting a stale lock.
2025-03-08 04:14:34.332 [info] Lock '/home/admin/.vscode-server/data/User/workspaceStorage/9d0739de19f266d8f657cc3986e47261/vscode.lock': Lock acquired.
2025-03-08 04:14:35.023 [info] ExtensionService#_doActivateExtension vscode.emmet, startup: false, activationEvent: 'onLanguage'
2025-03-08 04:14:35.025 [info] ExtensionService#_doActivateExtension vscode.git-base, startup: false, activationEvent: '*', root cause: vscode.git
2025-03-08 04:14:37.260 [info] ExtensionService#_doActivateExtension vscode.git, startup: false, activationEvent: '*'
2025-03-08 04:14:37.263 [info] ExtensionService#_doActivateExtension vscode.github, startup: false, activationEvent: '*'
2025-03-08 04:14:37.761 [info] Eager extensions activated
2025-03-08 04:14:37.766 [info] ExtensionService#_doActivateExtension vscode.debug-auto-launch, startup: false, activationEvent: 'onStartupFinished'
2025-03-08 04:14:37.767 [info] ExtensionService#_doActivateExtension vscode.merge-conflict, startup: false, activationEvent: 'onStartupFinished'
2025-03-08 04:14:37.829 [info] ExtensionService#_doActivateExtension vscode.configuration-editing, startup: false, activationEvent: 'onLanguage:jsonc'
2025-03-08 04:14:37.829 [info] ExtensionService#_doActivateExtension vscode.json-language-features, startup: false, activationEvent: 'onLanguage:jsonc'
2025-03-08 04:14:37.829 [info] ExtensionService#_doActivateExtension vscode.typescript-language-features, startup: false, activationEvent: 'onLanguage:jsonc'
2025-03-08 04:14:41.649 [info] Extension host terminating: received terminate message from renderer
2025-03-08 04:14:41.652 [info] Lock '/home/admin/.vscode-server/data/User/workspaceStorage/9d0739de19f266d8f657cc3986e47261/vscode.lock': Marking the lockfile as scheduled to be released in 6000 ms.
2025-03-08 04:14:41.684 [error] Canceled: Canceled
	at new dR (file:///home/admin/.vscode-server/cli/servers/Stable-6609ac3d66f4eade5cf376d1cb76f13985724bcb/server/out/vs/workbench/api/node/extensionHostProcess.js:29:155028)
	at qy.U (file:///home/admin/.vscode-server/cli/servers/Stable-6609ac3d66f4eade5cf376d1cb76f13985724bcb/server/out/vs/workbench/api/node/extensionHostProcess.js:29:159639)
	at s.<computed>.n.charCodeAt.s.<computed> (file:///home/admin/.vscode-server/cli/servers/Stable-6609ac3d66f4eade5cf376d1cb76f13985724bcb/server/out/vs/workbench/api/node/extensionHostProcess.js:29:157133)
	at kw.g (file:///home/admin/.vscode-server/cli/servers/Stable-6609ac3d66f4eade5cf376d1cb76f13985724bcb/server/out/vs/workbench/api/node/extensionHostProcess.js:112:41039)
	at kw.executeCommand (file:///home/admin/.vscode-server/cli/servers/Stable-6609ac3d66f4eade5cf376d1cb76f13985724bcb/server/out/vs/workbench/api/node/extensionHostProcess.js:112:40543)
	at r.registerCommand.description (file:///home/admin/.vscode-server/cli/servers/Stable-6609ac3d66f4eade5cf376d1cb76f13985724bcb/server/out/vs/workbench/api/node/extensionHostProcess.js:112:39873)
	at kw.h (file:///home/admin/.vscode-server/cli/servers/Stable-6609ac3d66f4eade5cf376d1cb76f13985724bcb/server/out/vs/workbench/api/node/extensionHostProcess.js:112:41559)
	at kw.g (file:///home/admin/.vscode-server/cli/servers/Stable-6609ac3d66f4eade5cf376d1cb76f13985724bcb/server/out/vs/workbench/api/node/extensionHostProcess.js:112:40636)
	at kw.executeCommand (file:///home/admin/.vscode-server/cli/servers/Stable-6609ac3d66f4eade5cf376d1cb76f13985724bcb/server/out/vs/workbench/api/node/extensionHostProcess.js:112:40543)
	at Object.executeCommand (file:///home/admin/.vscode-server/cli/servers/Stable-6609ac3d66f4eade5cf376d1cb76f13985724bcb/server/out/vs/workbench/api/node/extensionHostProcess.js:172:37375)
	at n.default.provideCodeLenses (/home/admin/.vscode-server/cli/servers/Stable-6609ac3d66f4eade5cf376d1cb76f13985724bcb/server/extensions/merge-conflict/dist/mergeConflictMain.js:2:173856)
	at runNextTicks (node:internal/process/task_queues:60:5)
	at listOnTimeout (node:internal/timers:545:9)
	at process.processTimers (node:internal/timers:519:7)
	at async Eg.provideCodeLenses (file:///home/admin/.vscode-server/cli/servers/Stable-6609ac3d66f4eade5cf376d1cb76f13985724bcb/server/out/vs/workbench/api/node/extensionHostProcess.js:135:126666) setContext undefined
2025-03-08 04:14:41.692 [info] Extension host with pid 1235 exiting with code 0
